<?xml version="1.0" encoding="UTF-8"?>
<!-- Generated by org.testng.reporters.JUnitXMLReporter -->
<testsuite hostname="Bindhus-MacBook-Pro.local" ignored="0" name="Command line test" tests="11" failures="1" timestamp="03 Dec 2017 06:26:50 GMT" time="21.433" errors="0">
  <testcase name="loginToApplication" time="3.473" classname="WAVE_FITS.TestingIdentifiers"/>
  <testcase name="testCase1" time="8.439" classname="WAVE_FITS.TestingIdentifiers"/>
  <testcase name="testCase2" time="6.83" classname="WAVE_FITS.TestingIdentifiers"/>
  <testcase name="testCase3" time="0.859" classname="WAVE_FITS.TestingIdentifiers">
    <failure type="org.openqa.selenium.ElementNotVisibleException" message="element not visible
  (Session info: chrome=62.0.3202.94)
  (Driver info: chromedriver=2.33.506106 (8a06c39c4582fbfbab6966dbb1c38a9173bfb1a2),platform=Mac OS X 10.13.1 x86_64) (WARNING: The server did not provide any stacktrace information)
Command duration or timeout: 0 milliseconds
Build info: version: &amp;apos;3.6.0&amp;apos;, revision: &amp;apos;6fbf3ec767&amp;apos;, time: &amp;apos;2017-09-27T15:28:36.4Z&amp;apos;
System info: host: &amp;apos;Bindhus-MacBook-Pro.local&amp;apos;, ip: &amp;apos;fe80:0:0:0:1cac:e126:72e6:753b%en0&amp;apos;, os.name: &amp;apos;Mac OS X&amp;apos;, os.arch: &amp;apos;x86_64&amp;apos;, os.version: &amp;apos;10.13.1&amp;apos;, java.version: &amp;apos;1.8.0_131&amp;apos;
Driver info: org.openqa.selenium.chrome.ChromeDriver
Capabilities [{mobileEmulationEnabled=false, hasTouchScreen=false, platform=MAC, acceptSslCerts=true, webStorageEnabled=true, browserName=chrome, takesScreenshot=true, javascriptEnabled=true, platformName=MAC, setWindowRect=true, unexpectedAlertBehaviour=, applicationCacheEnabled=false, rotatable=false, networkConnectionEnabled=false, chrome={chromedriverVersion=2.33.506106 (8a06c39c4582fbfbab6966dbb1c38a9173bfb1a2), userDataDir=/var/folders/3m/0rmqjdxs6430b8hv9bblprhc0000gn/T/.org.chromium.Chromium.l2iHXm}, takesHeapSnapshot=true, pageLoadStrategy=normal, unhandledPromptBehavior=, databaseEnabled=false, handlesAlerts=true, version=62.0.3202.94, browserConnectionEnabled=false, nativeEvents=true, locationContextEnabled=true, cssSelectorsEnabled=true}]
Session ID: f63c06c5c37e05779cc32608713ce358">
      <![CDATA[org.openqa.selenium.ElementNotVisibleException: element not visible
  (Session info: chrome=62.0.3202.94)
  (Driver info: chromedriver=2.33.506106 (8a06c39c4582fbfbab6966dbb1c38a9173bfb1a2),platform=Mac OS X 10.13.1 x86_64) (WARNING: The server did not provide any stacktrace information)
Command duration or timeout: 0 milliseconds
Build info: version: '3.6.0', revision: '6fbf3ec767', time: '2017-09-27T15:28:36.4Z'
System info: host: 'Bindhus-MacBook-Pro.local', ip: 'fe80:0:0:0:1cac:e126:72e6:753b%en0', os.name: 'Mac OS X', os.arch: 'x86_64', os.version: '10.13.1', java.version: '1.8.0_131'
Driver info: org.openqa.selenium.chrome.ChromeDriver
Capabilities [{mobileEmulationEnabled=false, hasTouchScreen=false, platform=MAC, acceptSslCerts=true, webStorageEnabled=true, browserName=chrome, takesScreenshot=true, javascriptEnabled=true, platformName=MAC, setWindowRect=true, unexpectedAlertBehaviour=, applicationCacheEnabled=false, rotatable=false, networkConnectionEnabled=false, chrome={chromedriverVersion=2.33.506106 (8a06c39c4582fbfbab6966dbb1c38a9173bfb1a2), userDataDir=/var/folders/3m/0rmqjdxs6430b8hv9bblprhc0000gn/T/.org.chromium.Chromium.l2iHXm}, takesHeapSnapshot=true, pageLoadStrategy=normal, unhandledPromptBehavior=, databaseEnabled=false, handlesAlerts=true, version=62.0.3202.94, browserConnectionEnabled=false, nativeEvents=true, locationContextEnabled=true, cssSelectorsEnabled=true}]
Session ID: f63c06c5c37e05779cc32608713ce358
	at org.openqa.selenium.remote.ErrorHandler.createThrowable(ErrorHandler.java:214)
	at org.openqa.selenium.remote.ErrorHandler.throwIfResponseFailed(ErrorHandler.java:166)
	at org.openqa.selenium.remote.http.JsonHttpResponseCodec.reconstructValue(JsonHttpResponseCodec.java:40)
	at org.openqa.selenium.remote.http.AbstractHttpResponseCodec.decode(AbstractHttpResponseCodec.java:82)
	at org.openqa.selenium.remote.http.AbstractHttpResponseCodec.decode(AbstractHttpResponseCodec.java:45)
	at org.openqa.selenium.remote.HttpCommandExecutor.execute(HttpCommandExecutor.java:164)
	at org.openqa.selenium.remote.service.DriverCommandExecutor.execute(DriverCommandExecutor.java:83)
	at org.openqa.selenium.remote.RemoteWebDriver.execute(RemoteWebDriver.java:586)
	at org.openqa.selenium.remote.RemoteWebElement.execute(RemoteWebElement.java:279)
	at org.openqa.selenium.remote.RemoteWebElement.click(RemoteWebElement.java:83)
	at WAVE_FITS.Helper.selectingEntity(Helper.java:36)
	at WAVE_FITS.TestingIdentifiers.beforeTestcase(TestingIdentifiers.java:16)
	at WAVE_FITS.TestingIdentifiers.testCase3(TestingIdentifiers.java:55)
	at org.codehaus.mojo.exec.ExecJavaMojo$1.run(ExecJavaMojo.java:282)
	at java.lang.Thread.run(Thread.java:748)
... Removed 32 stack frames]]>
    </failure>
  </testcase> <!-- testCase3 -->
  <testcase name="testCase4" time="0.0" classname="WAVE_FITS.TestingIdentifiers">
    <skipped/>
  </testcase> <!-- testCase4 -->
  <testcase name="testCase5" time="0.0" classname="WAVE_FITS.TestingIdentifiers">
    <skipped/>
  </testcase> <!-- testCase5 -->
  <testcase name="testCase6" time="0.0" classname="WAVE_FITS.TestingIdentifiers">
    <skipped/>
  </testcase> <!-- testCase6 -->
  <testcase name="testCase7" time="0.0" classname="WAVE_FITS.TestingIdentifiers">
    <skipped/>
  </testcase> <!-- testCase7 -->
  <testcase name="testCase8" time="0.0" classname="WAVE_FITS.TestingIdentifiers">
    <skipped/>
  </testcase> <!-- testCase8 -->
  <testcase name="testCase9" time="0.0" classname="WAVE_FITS.TestingIdentifiers">
    <skipped/>
  </testcase> <!-- testCase9 -->
  <testcase name="testCase10" time="0.0" classname="WAVE_FITS.TestingIdentifiers">
    <skipped/>
  </testcase> <!-- testCase10 -->
</testsuite> <!-- Command line test -->
